     1                                  section	.text
     2                                  global main 
     3                                  main:
     4 00000000 55                      push rbp
     5 00000001 4889E5                  mov rbp , rsp
     6 00000004 4883EC08                sub rsp , 8
     7 00000008 4889E9                  mov rcx , rbp
     8 0000000B 4883C1F8                add rcx , -8
     9 0000000F B805000000              mov rax , 5
    10 00000014 488901                  mov [rcx] , rax
    11 00000017 4883EC08                sub rsp , 8
    12 0000001B 4889E9                  mov rcx , rbp
    13 0000001E 4883C1F0                add rcx , -16
    14 00000022 4883C4F8                add rsp , -8
    15 00000026 4889EA                  mov rdx , rbp
    16 00000029 4883C2F8                add rdx , -8
    17 0000002D 4C8B02                  mov r8, [rdx]
    18 00000030 4C890424                mov [rsp],r8
    19 00000034 B801000000              mov rax , 1
    20 00000039 E83F000000              call _fact
    21 0000003E 4889E9                  mov rcx , rbp
    22 00000041 4883C1F0                add rcx , -16
    23 00000045 488901                  mov [rcx] , rax
    24 00000048 4883C408                add rsp ,8
    25                                  
    26 0000004C 4889EB                  mov rbx , rbp
    27 0000004F 4883C3F0                add rbx , -16
    28 00000053 488B0B                  mov rcx , [rbx]
    29 00000056 4889CE                  mov rsi , rcx
    30 00000059 48BF-                   mov rdi , intf
    30 0000005B [0000000000000000] 
    31 00000063 B800000000              mov rax , 0
    32 00000068 E8(00000000)            call printf
    33                                  
    34 0000006D 4889EC                  mov  rsp, rbp
    35 00000070 5D                      pop  rbp
    36 00000071 B83C000000              mov rax , 60
    37 00000076 BF00000000              mov rdi , 0
    38 0000007B 0F05                    syscall
    39                                  _fact:
    40 0000007D 55                      push rbp
    41 0000007E 4889E5                  mov rbp , rsp
    42 00000081 4883C4F8                add rsp , -8
    43 00000085 4889E9                  mov rcx , rbp
    44 00000088 4883C1F8                add rcx , -8
    45 0000008C 4889EB                  mov rbx , rbp
    46 0000008F 4883C310                add rbx , 16
    47 00000093 488B03                  mov rax, [rbx]
    48 00000096 488901                  mov [rcx] , rax
    49 00000099 4883C1F8                add rcx , -8
    50 0000009D 4883C308                add rbx , 8
    51                                  LabelIf1:
    52 000000A1 4889EA                  mov rdx , rbp
    53 000000A4 4883C2F8                add rdx , -8
    54 000000A8 4C8B02                  mov r8, [rdx]
    55 000000AB 4C89C0                  mov rax ,r8
    56 000000AE B901000000              mov rcx , 1
    57 000000B3 4889CB                  mov rbx , rcx
    58 000000B6 4839D8                  cmp rax , rbx
    59 000000B9 7410                    je NextSkip1
    60 000000BB 4C89C0                  mov rax ,r8
    61 000000BE B900000000              mov rcx , 0
    62 000000C3 4889CB                  mov rbx , rcx
    63 000000C6 4839D8                  cmp rax , rbx
    64 000000C9 750A                    jne LabelElse1
    65                                  NextSkip1:
    66 000000CB B801000000              mov rax , 1
    67 000000D0 E98C000000              jmp EndElse1
    68                                  LabelElse1:
    69 000000D5 4883EC08                sub rsp , 8
    70 000000D9 4883EC08                sub rsp , 8
    71 000000DD 4C89C0                  mov rax ,r8
    72 000000E0 B901000000              mov rcx , 1
    73 000000E5 4889CB                  mov rbx , rcx
    74 000000E8 4829D8                  sub rax , rbx
    75 000000EB 4889E9                  mov rcx , rbp
    76 000000EE 4883C1E8                add rcx , -24
    77 000000F2 488901                  mov [rcx] , rax
    78 000000F5 4889EA                  mov rdx , rbp
    79 000000F8 4883C2E8                add rdx , -24
    80 000000FC 4C8B0A                  mov r9, [rdx]
    81 000000FF 4889E9                  mov rcx , rbp
    82 00000102 4883C1F0                add rcx , -16
    83 00000106 4883C4F8                add rsp , -8
    84 0000010A 4C890C24                mov [rsp],r9
    85 0000010E B801000000              mov rax , 1
    86 00000113 E865FFFFFF              call _fact
    87 00000118 4889E9                  mov rcx , rbp
    88 0000011B 4883C1F0                add rcx , -16
    89 0000011F 488901                  mov [rcx] , rax
    90 00000122 4883C408                add rsp ,8
    91 00000126 4889EA                  mov rdx , rbp
    92 00000129 4883C2F0                add rdx , -16
    93 0000012D 4C8B02                  mov r8, [rdx]
    94 00000130 4C89C0                  mov rax ,r8
    95 00000133 4889EA                  mov rdx , rbp
    96 00000136 4883C2F8                add rdx , -8
    97 0000013A 4C8B0A                  mov r9, [rdx]
    98 0000013D 4C89CB                  mov rbx ,r9
    99 00000140 48F7E3                  mul rbx
   100 00000143 4889E9                  mov rcx , rbp
   101 00000146 4883C1F0                add rcx , -16
   102 0000014A 488901                  mov [rcx] , rax
   103 0000014D 4889E9                  mov rcx , rbp
   104 00000150 4883C1F0                add rcx , -16
   105 00000154 4C8B01                  mov r8, [rcx]
   106 00000157 4889EB                  mov rbx , rbp
   107 0000015A 4883C3F0                add rbx , -16
   108 0000015E 488B03                  mov rax , [rbx]
   109                                  EndElse1:
   110 00000161 4889EC                  mov  rsp, rbp
   111 00000164 5D                      pop  rbp
   112 00000165 C3                      ret
   113                                  
   114                                  
   115                                  
   116                                  
   117                                  extern printf , scanf
   118                                  section .data
   119 00000000 256C640A00              intf: db "%ld",10,0 
   120 00000005 25730A00                chrf: db "%s",10,0 
   121 00000009 5B256C642000000020-     lisfs: dq "[%ld ",32,0 
   121 00000012 000000000000000000-
   121 0000001B 000000000000       
   122 00000021 256C64200000000020-     lisf: dq "%ld ",32,0 
   122 0000002A 000000000000000000-
   122 00000033 000000000000       
   123 00000039 256C645D0A00            lisfe: db "%ld]",10,0 
   124 0000003F 256C660A00              fmtf: db "%lf",10,0 
   125 00000044 256C6400                intin: db "%ld",0
   126 00000048 256C6600                floatin: db "%lf",0
   127 0000004C 00<rept>                integer:times 4 db 0
   128                                  
   129                                  
   130                                  section .bss
   131 00000000 <res 00000010>          scanned resb 16
   132 00000010 <res 00000008>          temp : resq 1
   133 00000018 <res 00000008>          temq : resq 1
   134 00000020 <res 00000064>          digitSpace resb 100
   135 00000084 <res 00000008>          digitSpacePos resb 8
   136                                  
