Nonterminals useless in grammar

    LOCAL_DECLARATION_LIST


Terminals unused in grammar

    ELSE
    ELIF
    OR
    AND
    NOT
    IC


Grammar

    0 $accept: PROGRAM $end

    1 PROGRAM: DECLARATION_LIST

    2 DECLARATION_LIST: DECLARATION_LIST DECLARATION
    3                 | DECLARATION

    4 DECLARATION: VARIABLE_DECLARATION
    5            | FUNCTION_DECLARATION

    6 VARIABLE_DECLARATION: VARIABLE_TYPE IDENTIFIER_NT SEMICOLON

    7 FUNCTION_DECLARATION: VARIABLE_TYPE FUNCTION_IDENTIFIER_NT ONB PARAMS CNB COMPOUND_STATEMENT

    8 PARAMS: PARAM_LIST_NT
    9       | %empty

   10 PARAM_LIST_NT: PARAM_LIST_NT COMMA PARAM
   11              | PARAM

   12 PARAM: VARIABLE_TYPE IDENTIFIER_NT

   13 STATEMENT_LIST: STATEMENT_LIST STATEMENT
   14               | STATEMENT

   15 STATEMENT: ASSIGNMENT_STATEMENT
   16          | COMPOUND_STATEMENT
   17          | IF_STATEMENT
   18          | WHILE_STATEMENT
   19          | FOR_STATEMENT
   20          | INCDEC_STATEMENT
   21          | LOCAL_DECLARATION
   22          | PRINT_STATEMENT
   23          | SCAN_STATEMENT

   24 PRINT_STATEMENT: PRINT ONB PRINT_SCAN_ITEM CNB SEMICOLON

   25 SCAN_STATEMENT: SCAN ONB PRINT_SCAN_ITEM CNB SEMICOLON

   26 COMPOUND_STATEMENT: OFB STATEMENT_LIST CFB

   27 IF_STATEMENT: IF ONB EXPRESSION CNB STATEMENT

   28 WHILE_STATEMENT: WHILE ONB EXPRESSION CNB STATEMENT

   29 FOR_STATEMENT: FOR ONB ASSIGNMENT_STATEMENT EXPRESSION SEMICOLON INCDEC_STATEMENT CNB STATEMENT

   30 INCDEC_STATEMENT: IDENTIFIER_NT INC SEMICOLON
   31                 | IDENTIFIER_NT DEC SEMICOLON

   32 VARIABLE_TYPE: INT
   33              | STRING
   34              | CHARACTER

   35 LOCAL_DECLARATION: VARIABLE_TYPE IDENTIFIER_NT SEMICOLON

   36 ASSIGNMENT_STATEMENT: IDENTIFIER_NT EQUALTO EXPRESSION SEMICOLON

   37 EXPRESSION: PEXPRESSION
   38           | PEXPRESSION PLUS PEXPRESSION
   39           | PEXPRESSION MINUS PEXPRESSION
   40           | PEXPRESSION MULTIPLY PEXPRESSION
   41           | PEXPRESSION BAND PEXPRESSION
   42           | PEXPRESSION BXOR PEXPRESSION
   43           | PEXPRESSION BOR PEXPRESSION
   44           | PEXPRESSION GE PEXPRESSION
   45           | PEXPRESSION LE PEXPRESSION
   46           | PEXPRESSION GT PEXPRESSION
   47           | PEXPRESSION LT PEXPRESSION
   48           | PEXPRESSION EE PEXPRESSION
   49           | PEXPRESSION NEQ PEXPRESSION
   50           | PEXPRESSION_S

   51 PEXPRESSION: INTEGER_NT
   52            | IDENTIFIER_NT
   53            | ONB EXPRESSION CNB

   54 PEXPRESSION_S: STRING_NT
   55              | CHARACTER_NT

   56 PRINT_SCAN_ITEM: IDENTIFIER_NT

   57 INTEGER_NT: NUMBER

   58 STRING_NT: STR

   59 CHARACTER_NT: CHAR

   60 IDENTIFIER_NT: IDENTIFIER

   61 FUNCTION_IDENTIFIER_NT: FUNCTION_IDENTIFIER


Terminals, with rules where they appear

    $end (0) 0
    error (256)
    INT <node> (258) 32
    STRING <node> (259) 33
    CHARACTER <node> (260) 34
    IDENTIFIER <node> (261) 60
    CHAR <node> (262) 59
    STR <node> (263) 58
    FUNCTION_IDENTIFIER <node> (264) 61
    NUMBER <node> (265) 57
    COMMA <node> (266) 10
    SEMICOLON <node> (267) 6 24 25 29 30 31 35 36
    OFB <node> (268) 26
    CFB <node> (269) 26
    ONB <node> (270) 7 24 25 27 28 29 53
    CNB <node> (271) 7 24 25 27 28 29 53
    PLUS <node> (272) 38
    MINUS <node> (273) 39
    MULTIPLY <node> (274) 40
    IF <node> (275) 27
    ELSE <node> (276)
    ELIF <node> (277)
    WHILE <node> (278) 28
    FOR <node> (279) 29
    PRINT <node> (280) 24
    SCAN <node> (281) 25
    OR <node> (282)
    AND <node> (283)
    NOT <node> (284)
    EQUALTO <node> (285) 36
    LT <node> (286) 47
    GT <node> (287) 46
    LE <node> (288) 45
    GE <node> (289) 44
    EE <node> (290) 48
    NEQ <node> (291) 49
    INC <node> (292) 30
    DEC <node> (293) 31
    IC <node> (294)
    BAND <node> (295) 41
    BOR <node> (296) 43
    BXOR <node> (297) 42


Nonterminals, with rules where they appear

    $accept (43)
        on left: 0
    PROGRAM <node> (44)
        on left: 1
        on right: 0
    DECLARATION_LIST <node> (45)
        on left: 2 3
        on right: 1 2
    DECLARATION <node> (46)
        on left: 4 5
        on right: 2 3
    VARIABLE_DECLARATION <node> (47)
        on left: 6
        on right: 4
    FUNCTION_DECLARATION <node> (48)
        on left: 7
        on right: 5
    PARAMS <node> (49)
        on left: 8 9
        on right: 7
    PARAM_LIST_NT <node> (50)
        on left: 10 11
        on right: 8 10
    PARAM <node> (51)
        on left: 12
        on right: 10 11
    STATEMENT_LIST <node> (52)
        on left: 13 14
        on right: 13 26
    STATEMENT <node> (53)
        on left: 15 16 17 18 19 20 21 22 23
        on right: 13 14 27 28 29
    PRINT_STATEMENT <node> (54)
        on left: 24
        on right: 22
    SCAN_STATEMENT <node> (55)
        on left: 25
        on right: 23
    COMPOUND_STATEMENT <node> (56)
        on left: 26
        on right: 7 16
    IF_STATEMENT <node> (57)
        on left: 27
        on right: 17
    WHILE_STATEMENT <node> (58)
        on left: 28
        on right: 18
    FOR_STATEMENT <node> (59)
        on left: 29
        on right: 19
    INCDEC_STATEMENT <node> (60)
        on left: 30 31
        on right: 20 29
    VARIABLE_TYPE <node> (61)
        on left: 32 33 34
        on right: 6 7 12 35
    LOCAL_DECLARATION <node> (62)
        on left: 35
        on right: 21
    ASSIGNMENT_STATEMENT <node> (63)
        on left: 36
        on right: 15 29
    EXPRESSION <node> (64)
        on left: 37 38 39 40 41 42 43 44 45 46 47 48 49 50
        on right: 27 28 29 36 53
    PEXPRESSION <node> (65)
        on left: 51 52 53
        on right: 37 38 39 40 41 42 43 44 45 46 47 48 49
    PEXPRESSION_S <node> (66)
        on left: 54 55
        on right: 50
    PRINT_SCAN_ITEM <node> (67)
        on left: 56
        on right: 24 25
    INTEGER_NT <node> (68)
        on left: 57
        on right: 51
    STRING_NT <node> (69)
        on left: 58
        on right: 54
    CHARACTER_NT <node> (70)
        on left: 59
        on right: 55
    IDENTIFIER_NT <node> (71)
        on left: 60
        on right: 6 12 30 31 35 36 52 56
    FUNCTION_IDENTIFIER_NT <node> (72)
        on left: 61
        on right: 7


State 0

    0 $accept: . PROGRAM $end

    INT        shift, and go to state 1
    STRING     shift, and go to state 2
    CHARACTER  shift, and go to state 3

    PROGRAM               go to state 4
    DECLARATION_LIST      go to state 5
    DECLARATION           go to state 6
    VARIABLE_DECLARATION  go to state 7
    FUNCTION_DECLARATION  go to state 8
    VARIABLE_TYPE         go to state 9


State 1

   32 VARIABLE_TYPE: INT .

    $default  reduce using rule 32 (VARIABLE_TYPE)


State 2

   33 VARIABLE_TYPE: STRING .

    $default  reduce using rule 33 (VARIABLE_TYPE)


State 3

   34 VARIABLE_TYPE: CHARACTER .

    $default  reduce using rule 34 (VARIABLE_TYPE)


State 4

    0 $accept: PROGRAM . $end

    $end  shift, and go to state 10


State 5

    1 PROGRAM: DECLARATION_LIST .
    2 DECLARATION_LIST: DECLARATION_LIST . DECLARATION

    INT        shift, and go to state 1
    STRING     shift, and go to state 2
    CHARACTER  shift, and go to state 3

    $default  reduce using rule 1 (PROGRAM)

    DECLARATION           go to state 11
    VARIABLE_DECLARATION  go to state 7
    FUNCTION_DECLARATION  go to state 8
    VARIABLE_TYPE         go to state 9


State 6

    3 DECLARATION_LIST: DECLARATION .

    $default  reduce using rule 3 (DECLARATION_LIST)


State 7

    4 DECLARATION: VARIABLE_DECLARATION .

    $default  reduce using rule 4 (DECLARATION)


State 8

    5 DECLARATION: FUNCTION_DECLARATION .

    $default  reduce using rule 5 (DECLARATION)


State 9

    6 VARIABLE_DECLARATION: VARIABLE_TYPE . IDENTIFIER_NT SEMICOLON
    7 FUNCTION_DECLARATION: VARIABLE_TYPE . FUNCTION_IDENTIFIER_NT ONB PARAMS CNB COMPOUND_STATEMENT

    IDENTIFIER           shift, and go to state 12
    FUNCTION_IDENTIFIER  shift, and go to state 13

    IDENTIFIER_NT           go to state 14
    FUNCTION_IDENTIFIER_NT  go to state 15


State 10

    0 $accept: PROGRAM $end .

    $default  accept


State 11

    2 DECLARATION_LIST: DECLARATION_LIST DECLARATION .

    $default  reduce using rule 2 (DECLARATION_LIST)


State 12

   60 IDENTIFIER_NT: IDENTIFIER .

    $default  reduce using rule 60 (IDENTIFIER_NT)


State 13

   61 FUNCTION_IDENTIFIER_NT: FUNCTION_IDENTIFIER .

    $default  reduce using rule 61 (FUNCTION_IDENTIFIER_NT)


State 14

    6 VARIABLE_DECLARATION: VARIABLE_TYPE IDENTIFIER_NT . SEMICOLON

    SEMICOLON  shift, and go to state 16


State 15

    7 FUNCTION_DECLARATION: VARIABLE_TYPE FUNCTION_IDENTIFIER_NT . ONB PARAMS CNB COMPOUND_STATEMENT

    ONB  shift, and go to state 17


State 16

    6 VARIABLE_DECLARATION: VARIABLE_TYPE IDENTIFIER_NT SEMICOLON .

    $default  reduce using rule 6 (VARIABLE_DECLARATION)


State 17

    7 FUNCTION_DECLARATION: VARIABLE_TYPE FUNCTION_IDENTIFIER_NT ONB . PARAMS CNB COMPOUND_STATEMENT

    INT        shift, and go to state 1
    STRING     shift, and go to state 2
    CHARACTER  shift, and go to state 3

    $default  reduce using rule 9 (PARAMS)

    PARAMS         go to state 18
    PARAM_LIST_NT  go to state 19
    PARAM          go to state 20
    VARIABLE_TYPE  go to state 21


State 18

    7 FUNCTION_DECLARATION: VARIABLE_TYPE FUNCTION_IDENTIFIER_NT ONB PARAMS . CNB COMPOUND_STATEMENT

    CNB  shift, and go to state 22


State 19

    8 PARAMS: PARAM_LIST_NT .
   10 PARAM_LIST_NT: PARAM_LIST_NT . COMMA PARAM

    COMMA  shift, and go to state 23

    $default  reduce using rule 8 (PARAMS)


State 20

   11 PARAM_LIST_NT: PARAM .

    $default  reduce using rule 11 (PARAM_LIST_NT)


State 21

   12 PARAM: VARIABLE_TYPE . IDENTIFIER_NT

    IDENTIFIER  shift, and go to state 12

    IDENTIFIER_NT  go to state 24


State 22

    7 FUNCTION_DECLARATION: VARIABLE_TYPE FUNCTION_IDENTIFIER_NT ONB PARAMS CNB . COMPOUND_STATEMENT

    OFB  shift, and go to state 25

    COMPOUND_STATEMENT  go to state 26


State 23

   10 PARAM_LIST_NT: PARAM_LIST_NT COMMA . PARAM

    INT        shift, and go to state 1
    STRING     shift, and go to state 2
    CHARACTER  shift, and go to state 3

    PARAM          go to state 27
    VARIABLE_TYPE  go to state 21


State 24

   12 PARAM: VARIABLE_TYPE IDENTIFIER_NT .

    $default  reduce using rule 12 (PARAM)


State 25

   26 COMPOUND_STATEMENT: OFB . STATEMENT_LIST CFB

    INT         shift, and go to state 1
    STRING      shift, and go to state 2
    CHARACTER   shift, and go to state 3
    IDENTIFIER  shift, and go to state 12
    OFB         shift, and go to state 25
    IF          shift, and go to state 28
    WHILE       shift, and go to state 29
    FOR         shift, and go to state 30
    PRINT       shift, and go to state 31
    SCAN        shift, and go to state 32

    STATEMENT_LIST        go to state 33
    STATEMENT             go to state 34
    PRINT_STATEMENT       go to state 35
    SCAN_STATEMENT        go to state 36
    COMPOUND_STATEMENT    go to state 37
    IF_STATEMENT          go to state 38
    WHILE_STATEMENT       go to state 39
    FOR_STATEMENT         go to state 40
    INCDEC_STATEMENT      go to state 41
    VARIABLE_TYPE         go to state 42
    LOCAL_DECLARATION     go to state 43
    ASSIGNMENT_STATEMENT  go to state 44
    IDENTIFIER_NT         go to state 45


State 26

    7 FUNCTION_DECLARATION: VARIABLE_TYPE FUNCTION_IDENTIFIER_NT ONB PARAMS CNB COMPOUND_STATEMENT .

    $default  reduce using rule 7 (FUNCTION_DECLARATION)


State 27

   10 PARAM_LIST_NT: PARAM_LIST_NT COMMA PARAM .

    $default  reduce using rule 10 (PARAM_LIST_NT)


State 28

   27 IF_STATEMENT: IF . ONB EXPRESSION CNB STATEMENT

    ONB  shift, and go to state 46


State 29

   28 WHILE_STATEMENT: WHILE . ONB EXPRESSION CNB STATEMENT

    ONB  shift, and go to state 47


State 30

   29 FOR_STATEMENT: FOR . ONB ASSIGNMENT_STATEMENT EXPRESSION SEMICOLON INCDEC_STATEMENT CNB STATEMENT

    ONB  shift, and go to state 48


State 31

   24 PRINT_STATEMENT: PRINT . ONB PRINT_SCAN_ITEM CNB SEMICOLON

    ONB  shift, and go to state 49


State 32

   25 SCAN_STATEMENT: SCAN . ONB PRINT_SCAN_ITEM CNB SEMICOLON

    ONB  shift, and go to state 50


State 33

   13 STATEMENT_LIST: STATEMENT_LIST . STATEMENT
   26 COMPOUND_STATEMENT: OFB STATEMENT_LIST . CFB

    INT         shift, and go to state 1
    STRING      shift, and go to state 2
    CHARACTER   shift, and go to state 3
    IDENTIFIER  shift, and go to state 12
    OFB         shift, and go to state 25
    CFB         shift, and go to state 51
    IF          shift, and go to state 28
    WHILE       shift, and go to state 29
    FOR         shift, and go to state 30
    PRINT       shift, and go to state 31
    SCAN        shift, and go to state 32

    STATEMENT             go to state 52
    PRINT_STATEMENT       go to state 35
    SCAN_STATEMENT        go to state 36
    COMPOUND_STATEMENT    go to state 37
    IF_STATEMENT          go to state 38
    WHILE_STATEMENT       go to state 39
    FOR_STATEMENT         go to state 40
    INCDEC_STATEMENT      go to state 41
    VARIABLE_TYPE         go to state 42
    LOCAL_DECLARATION     go to state 43
    ASSIGNMENT_STATEMENT  go to state 44
    IDENTIFIER_NT         go to state 45


State 34

   14 STATEMENT_LIST: STATEMENT .

    $default  reduce using rule 14 (STATEMENT_LIST)


State 35

   22 STATEMENT: PRINT_STATEMENT .

    $default  reduce using rule 22 (STATEMENT)


State 36

   23 STATEMENT: SCAN_STATEMENT .

    $default  reduce using rule 23 (STATEMENT)


State 37

   16 STATEMENT: COMPOUND_STATEMENT .

    $default  reduce using rule 16 (STATEMENT)


State 38

   17 STATEMENT: IF_STATEMENT .

    $default  reduce using rule 17 (STATEMENT)


State 39

   18 STATEMENT: WHILE_STATEMENT .

    $default  reduce using rule 18 (STATEMENT)


State 40

   19 STATEMENT: FOR_STATEMENT .

    $default  reduce using rule 19 (STATEMENT)


State 41

   20 STATEMENT: INCDEC_STATEMENT .

    $default  reduce using rule 20 (STATEMENT)


State 42

   35 LOCAL_DECLARATION: VARIABLE_TYPE . IDENTIFIER_NT SEMICOLON

    IDENTIFIER  shift, and go to state 12

    IDENTIFIER_NT  go to state 53


State 43

   21 STATEMENT: LOCAL_DECLARATION .

    $default  reduce using rule 21 (STATEMENT)


State 44

   15 STATEMENT: ASSIGNMENT_STATEMENT .

    $default  reduce using rule 15 (STATEMENT)


State 45

   30 INCDEC_STATEMENT: IDENTIFIER_NT . INC SEMICOLON
   31                 | IDENTIFIER_NT . DEC SEMICOLON
   36 ASSIGNMENT_STATEMENT: IDENTIFIER_NT . EQUALTO EXPRESSION SEMICOLON

    EQUALTO  shift, and go to state 54
    INC      shift, and go to state 55
    DEC      shift, and go to state 56


State 46

   27 IF_STATEMENT: IF ONB . EXPRESSION CNB STATEMENT

    IDENTIFIER  shift, and go to state 12
    CHAR        shift, and go to state 57
    STR         shift, and go to state 58
    NUMBER      shift, and go to state 59
    ONB         shift, and go to state 60

    EXPRESSION     go to state 61
    PEXPRESSION    go to state 62
    PEXPRESSION_S  go to state 63
    INTEGER_NT     go to state 64
    STRING_NT      go to state 65
    CHARACTER_NT   go to state 66
    IDENTIFIER_NT  go to state 67


State 47

   28 WHILE_STATEMENT: WHILE ONB . EXPRESSION CNB STATEMENT

    IDENTIFIER  shift, and go to state 12
    CHAR        shift, and go to state 57
    STR         shift, and go to state 58
    NUMBER      shift, and go to state 59
    ONB         shift, and go to state 60

    EXPRESSION     go to state 68
    PEXPRESSION    go to state 62
    PEXPRESSION_S  go to state 63
    INTEGER_NT     go to state 64
    STRING_NT      go to state 65
    CHARACTER_NT   go to state 66
    IDENTIFIER_NT  go to state 67


State 48

   29 FOR_STATEMENT: FOR ONB . ASSIGNMENT_STATEMENT EXPRESSION SEMICOLON INCDEC_STATEMENT CNB STATEMENT

    IDENTIFIER  shift, and go to state 12

    ASSIGNMENT_STATEMENT  go to state 69
    IDENTIFIER_NT         go to state 70


State 49

   24 PRINT_STATEMENT: PRINT ONB . PRINT_SCAN_ITEM CNB SEMICOLON

    IDENTIFIER  shift, and go to state 12

    PRINT_SCAN_ITEM  go to state 71
    IDENTIFIER_NT    go to state 72


State 50

   25 SCAN_STATEMENT: SCAN ONB . PRINT_SCAN_ITEM CNB SEMICOLON

    IDENTIFIER  shift, and go to state 12

    PRINT_SCAN_ITEM  go to state 73
    IDENTIFIER_NT    go to state 72


State 51

   26 COMPOUND_STATEMENT: OFB STATEMENT_LIST CFB .

    $default  reduce using rule 26 (COMPOUND_STATEMENT)


State 52

   13 STATEMENT_LIST: STATEMENT_LIST STATEMENT .

    $default  reduce using rule 13 (STATEMENT_LIST)


State 53

   35 LOCAL_DECLARATION: VARIABLE_TYPE IDENTIFIER_NT . SEMICOLON

    SEMICOLON  shift, and go to state 74


State 54

   36 ASSIGNMENT_STATEMENT: IDENTIFIER_NT EQUALTO . EXPRESSION SEMICOLON

    IDENTIFIER  shift, and go to state 12
    CHAR        shift, and go to state 57
    STR         shift, and go to state 58
    NUMBER      shift, and go to state 59
    ONB         shift, and go to state 60

    EXPRESSION     go to state 75
    PEXPRESSION    go to state 62
    PEXPRESSION_S  go to state 63
    INTEGER_NT     go to state 64
    STRING_NT      go to state 65
    CHARACTER_NT   go to state 66
    IDENTIFIER_NT  go to state 67


State 55

   30 INCDEC_STATEMENT: IDENTIFIER_NT INC . SEMICOLON

    SEMICOLON  shift, and go to state 76


State 56

   31 INCDEC_STATEMENT: IDENTIFIER_NT DEC . SEMICOLON

    SEMICOLON  shift, and go to state 77


State 57

   59 CHARACTER_NT: CHAR .

    $default  reduce using rule 59 (CHARACTER_NT)


State 58

   58 STRING_NT: STR .

    $default  reduce using rule 58 (STRING_NT)


State 59

   57 INTEGER_NT: NUMBER .

    $default  reduce using rule 57 (INTEGER_NT)


State 60

   53 PEXPRESSION: ONB . EXPRESSION CNB

    IDENTIFIER  shift, and go to state 12
    CHAR        shift, and go to state 57
    STR         shift, and go to state 58
    NUMBER      shift, and go to state 59
    ONB         shift, and go to state 60

    EXPRESSION     go to state 78
    PEXPRESSION    go to state 62
    PEXPRESSION_S  go to state 63
    INTEGER_NT     go to state 64
    STRING_NT      go to state 65
    CHARACTER_NT   go to state 66
    IDENTIFIER_NT  go to state 67


State 61

   27 IF_STATEMENT: IF ONB EXPRESSION . CNB STATEMENT

    CNB  shift, and go to state 79


State 62

   37 EXPRESSION: PEXPRESSION .
   38           | PEXPRESSION . PLUS PEXPRESSION
   39           | PEXPRESSION . MINUS PEXPRESSION
   40           | PEXPRESSION . MULTIPLY PEXPRESSION
   41           | PEXPRESSION . BAND PEXPRESSION
   42           | PEXPRESSION . BXOR PEXPRESSION
   43           | PEXPRESSION . BOR PEXPRESSION
   44           | PEXPRESSION . GE PEXPRESSION
   45           | PEXPRESSION . LE PEXPRESSION
   46           | PEXPRESSION . GT PEXPRESSION
   47           | PEXPRESSION . LT PEXPRESSION
   48           | PEXPRESSION . EE PEXPRESSION
   49           | PEXPRESSION . NEQ PEXPRESSION

    PLUS      shift, and go to state 80
    MINUS     shift, and go to state 81
    MULTIPLY  shift, and go to state 82
    LT        shift, and go to state 83
    GT        shift, and go to state 84
    LE        shift, and go to state 85
    GE        shift, and go to state 86
    EE        shift, and go to state 87
    NEQ       shift, and go to state 88
    BAND      shift, and go to state 89
    BOR       shift, and go to state 90
    BXOR      shift, and go to state 91

    $default  reduce using rule 37 (EXPRESSION)


State 63

   50 EXPRESSION: PEXPRESSION_S .

    $default  reduce using rule 50 (EXPRESSION)


State 64

   51 PEXPRESSION: INTEGER_NT .

    $default  reduce using rule 51 (PEXPRESSION)


State 65

   54 PEXPRESSION_S: STRING_NT .

    $default  reduce using rule 54 (PEXPRESSION_S)


State 66

   55 PEXPRESSION_S: CHARACTER_NT .

    $default  reduce using rule 55 (PEXPRESSION_S)


State 67

   52 PEXPRESSION: IDENTIFIER_NT .

    $default  reduce using rule 52 (PEXPRESSION)


State 68

   28 WHILE_STATEMENT: WHILE ONB EXPRESSION . CNB STATEMENT

    CNB  shift, and go to state 92


State 69

   29 FOR_STATEMENT: FOR ONB ASSIGNMENT_STATEMENT . EXPRESSION SEMICOLON INCDEC_STATEMENT CNB STATEMENT

    IDENTIFIER  shift, and go to state 12
    CHAR        shift, and go to state 57
    STR         shift, and go to state 58
    NUMBER      shift, and go to state 59
    ONB         shift, and go to state 60

    EXPRESSION     go to state 93
    PEXPRESSION    go to state 62
    PEXPRESSION_S  go to state 63
    INTEGER_NT     go to state 64
    STRING_NT      go to state 65
    CHARACTER_NT   go to state 66
    IDENTIFIER_NT  go to state 67


State 70

   36 ASSIGNMENT_STATEMENT: IDENTIFIER_NT . EQUALTO EXPRESSION SEMICOLON

    EQUALTO  shift, and go to state 54


State 71

   24 PRINT_STATEMENT: PRINT ONB PRINT_SCAN_ITEM . CNB SEMICOLON

    CNB  shift, and go to state 94


State 72

   56 PRINT_SCAN_ITEM: IDENTIFIER_NT .

    $default  reduce using rule 56 (PRINT_SCAN_ITEM)


State 73

   25 SCAN_STATEMENT: SCAN ONB PRINT_SCAN_ITEM . CNB SEMICOLON

    CNB  shift, and go to state 95


State 74

   35 LOCAL_DECLARATION: VARIABLE_TYPE IDENTIFIER_NT SEMICOLON .

    $default  reduce using rule 35 (LOCAL_DECLARATION)


State 75

   36 ASSIGNMENT_STATEMENT: IDENTIFIER_NT EQUALTO EXPRESSION . SEMICOLON

    SEMICOLON  shift, and go to state 96


State 76

   30 INCDEC_STATEMENT: IDENTIFIER_NT INC SEMICOLON .

    $default  reduce using rule 30 (INCDEC_STATEMENT)


State 77

   31 INCDEC_STATEMENT: IDENTIFIER_NT DEC SEMICOLON .

    $default  reduce using rule 31 (INCDEC_STATEMENT)


State 78

   53 PEXPRESSION: ONB EXPRESSION . CNB

    CNB  shift, and go to state 97


State 79

   27 IF_STATEMENT: IF ONB EXPRESSION CNB . STATEMENT

    INT         shift, and go to state 1
    STRING      shift, and go to state 2
    CHARACTER   shift, and go to state 3
    IDENTIFIER  shift, and go to state 12
    OFB         shift, and go to state 25
    IF          shift, and go to state 28
    WHILE       shift, and go to state 29
    FOR         shift, and go to state 30
    PRINT       shift, and go to state 31
    SCAN        shift, and go to state 32

    STATEMENT             go to state 98
    PRINT_STATEMENT       go to state 35
    SCAN_STATEMENT        go to state 36
    COMPOUND_STATEMENT    go to state 37
    IF_STATEMENT          go to state 38
    WHILE_STATEMENT       go to state 39
    FOR_STATEMENT         go to state 40
    INCDEC_STATEMENT      go to state 41
    VARIABLE_TYPE         go to state 42
    LOCAL_DECLARATION     go to state 43
    ASSIGNMENT_STATEMENT  go to state 44
    IDENTIFIER_NT         go to state 45


State 80

   38 EXPRESSION: PEXPRESSION PLUS . PEXPRESSION

    IDENTIFIER  shift, and go to state 12
    NUMBER      shift, and go to state 59
    ONB         shift, and go to state 60

    PEXPRESSION    go to state 99
    INTEGER_NT     go to state 64
    IDENTIFIER_NT  go to state 67


State 81

   39 EXPRESSION: PEXPRESSION MINUS . PEXPRESSION

    IDENTIFIER  shift, and go to state 12
    NUMBER      shift, and go to state 59
    ONB         shift, and go to state 60

    PEXPRESSION    go to state 100
    INTEGER_NT     go to state 64
    IDENTIFIER_NT  go to state 67


State 82

   40 EXPRESSION: PEXPRESSION MULTIPLY . PEXPRESSION

    IDENTIFIER  shift, and go to state 12
    NUMBER      shift, and go to state 59
    ONB         shift, and go to state 60

    PEXPRESSION    go to state 101
    INTEGER_NT     go to state 64
    IDENTIFIER_NT  go to state 67


State 83

   47 EXPRESSION: PEXPRESSION LT . PEXPRESSION

    IDENTIFIER  shift, and go to state 12
    NUMBER      shift, and go to state 59
    ONB         shift, and go to state 60

    PEXPRESSION    go to state 102
    INTEGER_NT     go to state 64
    IDENTIFIER_NT  go to state 67


State 84

   46 EXPRESSION: PEXPRESSION GT . PEXPRESSION

    IDENTIFIER  shift, and go to state 12
    NUMBER      shift, and go to state 59
    ONB         shift, and go to state 60

    PEXPRESSION    go to state 103
    INTEGER_NT     go to state 64
    IDENTIFIER_NT  go to state 67


State 85

   45 EXPRESSION: PEXPRESSION LE . PEXPRESSION

    IDENTIFIER  shift, and go to state 12
    NUMBER      shift, and go to state 59
    ONB         shift, and go to state 60

    PEXPRESSION    go to state 104
    INTEGER_NT     go to state 64
    IDENTIFIER_NT  go to state 67


State 86

   44 EXPRESSION: PEXPRESSION GE . PEXPRESSION

    IDENTIFIER  shift, and go to state 12
    NUMBER      shift, and go to state 59
    ONB         shift, and go to state 60

    PEXPRESSION    go to state 105
    INTEGER_NT     go to state 64
    IDENTIFIER_NT  go to state 67


State 87

   48 EXPRESSION: PEXPRESSION EE . PEXPRESSION

    IDENTIFIER  shift, and go to state 12
    NUMBER      shift, and go to state 59
    ONB         shift, and go to state 60

    PEXPRESSION    go to state 106
    INTEGER_NT     go to state 64
    IDENTIFIER_NT  go to state 67


State 88

   49 EXPRESSION: PEXPRESSION NEQ . PEXPRESSION

    IDENTIFIER  shift, and go to state 12
    NUMBER      shift, and go to state 59
    ONB         shift, and go to state 60

    PEXPRESSION    go to state 107
    INTEGER_NT     go to state 64
    IDENTIFIER_NT  go to state 67


State 89

   41 EXPRESSION: PEXPRESSION BAND . PEXPRESSION

    IDENTIFIER  shift, and go to state 12
    NUMBER      shift, and go to state 59
    ONB         shift, and go to state 60

    PEXPRESSION    go to state 108
    INTEGER_NT     go to state 64
    IDENTIFIER_NT  go to state 67


State 90

   43 EXPRESSION: PEXPRESSION BOR . PEXPRESSION

    IDENTIFIER  shift, and go to state 12
    NUMBER      shift, and go to state 59
    ONB         shift, and go to state 60

    PEXPRESSION    go to state 109
    INTEGER_NT     go to state 64
    IDENTIFIER_NT  go to state 67


State 91

   42 EXPRESSION: PEXPRESSION BXOR . PEXPRESSION

    IDENTIFIER  shift, and go to state 12
    NUMBER      shift, and go to state 59
    ONB         shift, and go to state 60

    PEXPRESSION    go to state 110
    INTEGER_NT     go to state 64
    IDENTIFIER_NT  go to state 67


State 92

   28 WHILE_STATEMENT: WHILE ONB EXPRESSION CNB . STATEMENT

    INT         shift, and go to state 1
    STRING      shift, and go to state 2
    CHARACTER   shift, and go to state 3
    IDENTIFIER  shift, and go to state 12
    OFB         shift, and go to state 25
    IF          shift, and go to state 28
    WHILE       shift, and go to state 29
    FOR         shift, and go to state 30
    PRINT       shift, and go to state 31
    SCAN        shift, and go to state 32

    STATEMENT             go to state 111
    PRINT_STATEMENT       go to state 35
    SCAN_STATEMENT        go to state 36
    COMPOUND_STATEMENT    go to state 37
    IF_STATEMENT          go to state 38
    WHILE_STATEMENT       go to state 39
    FOR_STATEMENT         go to state 40
    INCDEC_STATEMENT      go to state 41
    VARIABLE_TYPE         go to state 42
    LOCAL_DECLARATION     go to state 43
    ASSIGNMENT_STATEMENT  go to state 44
    IDENTIFIER_NT         go to state 45


State 93

   29 FOR_STATEMENT: FOR ONB ASSIGNMENT_STATEMENT EXPRESSION . SEMICOLON INCDEC_STATEMENT CNB STATEMENT

    SEMICOLON  shift, and go to state 112


State 94

   24 PRINT_STATEMENT: PRINT ONB PRINT_SCAN_ITEM CNB . SEMICOLON

    SEMICOLON  shift, and go to state 113


State 95

   25 SCAN_STATEMENT: SCAN ONB PRINT_SCAN_ITEM CNB . SEMICOLON

    SEMICOLON  shift, and go to state 114


State 96

   36 ASSIGNMENT_STATEMENT: IDENTIFIER_NT EQUALTO EXPRESSION SEMICOLON .

    $default  reduce using rule 36 (ASSIGNMENT_STATEMENT)


State 97

   53 PEXPRESSION: ONB EXPRESSION CNB .

    $default  reduce using rule 53 (PEXPRESSION)


State 98

   27 IF_STATEMENT: IF ONB EXPRESSION CNB STATEMENT .

    $default  reduce using rule 27 (IF_STATEMENT)


State 99

   38 EXPRESSION: PEXPRESSION PLUS PEXPRESSION .

    $default  reduce using rule 38 (EXPRESSION)


State 100

   39 EXPRESSION: PEXPRESSION MINUS PEXPRESSION .

    $default  reduce using rule 39 (EXPRESSION)


State 101

   40 EXPRESSION: PEXPRESSION MULTIPLY PEXPRESSION .

    $default  reduce using rule 40 (EXPRESSION)


State 102

   47 EXPRESSION: PEXPRESSION LT PEXPRESSION .

    $default  reduce using rule 47 (EXPRESSION)


State 103

   46 EXPRESSION: PEXPRESSION GT PEXPRESSION .

    $default  reduce using rule 46 (EXPRESSION)


State 104

   45 EXPRESSION: PEXPRESSION LE PEXPRESSION .

    $default  reduce using rule 45 (EXPRESSION)


State 105

   44 EXPRESSION: PEXPRESSION GE PEXPRESSION .

    $default  reduce using rule 44 (EXPRESSION)


State 106

   48 EXPRESSION: PEXPRESSION EE PEXPRESSION .

    $default  reduce using rule 48 (EXPRESSION)


State 107

   49 EXPRESSION: PEXPRESSION NEQ PEXPRESSION .

    $default  reduce using rule 49 (EXPRESSION)


State 108

   41 EXPRESSION: PEXPRESSION BAND PEXPRESSION .

    $default  reduce using rule 41 (EXPRESSION)


State 109

   43 EXPRESSION: PEXPRESSION BOR PEXPRESSION .

    $default  reduce using rule 43 (EXPRESSION)


State 110

   42 EXPRESSION: PEXPRESSION BXOR PEXPRESSION .

    $default  reduce using rule 42 (EXPRESSION)


State 111

   28 WHILE_STATEMENT: WHILE ONB EXPRESSION CNB STATEMENT .

    $default  reduce using rule 28 (WHILE_STATEMENT)


State 112

   29 FOR_STATEMENT: FOR ONB ASSIGNMENT_STATEMENT EXPRESSION SEMICOLON . INCDEC_STATEMENT CNB STATEMENT

    IDENTIFIER  shift, and go to state 12

    INCDEC_STATEMENT  go to state 115
    IDENTIFIER_NT     go to state 116


State 113

   24 PRINT_STATEMENT: PRINT ONB PRINT_SCAN_ITEM CNB SEMICOLON .

    $default  reduce using rule 24 (PRINT_STATEMENT)


State 114

   25 SCAN_STATEMENT: SCAN ONB PRINT_SCAN_ITEM CNB SEMICOLON .

    $default  reduce using rule 25 (SCAN_STATEMENT)


State 115

   29 FOR_STATEMENT: FOR ONB ASSIGNMENT_STATEMENT EXPRESSION SEMICOLON INCDEC_STATEMENT . CNB STATEMENT

    CNB  shift, and go to state 117


State 116

   30 INCDEC_STATEMENT: IDENTIFIER_NT . INC SEMICOLON
   31                 | IDENTIFIER_NT . DEC SEMICOLON

    INC  shift, and go to state 55
    DEC  shift, and go to state 56


State 117

   29 FOR_STATEMENT: FOR ONB ASSIGNMENT_STATEMENT EXPRESSION SEMICOLON INCDEC_STATEMENT CNB . STATEMENT

    INT         shift, and go to state 1
    STRING      shift, and go to state 2
    CHARACTER   shift, and go to state 3
    IDENTIFIER  shift, and go to state 12
    OFB         shift, and go to state 25
    IF          shift, and go to state 28
    WHILE       shift, and go to state 29
    FOR         shift, and go to state 30
    PRINT       shift, and go to state 31
    SCAN        shift, and go to state 32

    STATEMENT             go to state 118
    PRINT_STATEMENT       go to state 35
    SCAN_STATEMENT        go to state 36
    COMPOUND_STATEMENT    go to state 37
    IF_STATEMENT          go to state 38
    WHILE_STATEMENT       go to state 39
    FOR_STATEMENT         go to state 40
    INCDEC_STATEMENT      go to state 41
    VARIABLE_TYPE         go to state 42
    LOCAL_DECLARATION     go to state 43
    ASSIGNMENT_STATEMENT  go to state 44
    IDENTIFIER_NT         go to state 45


State 118

   29 FOR_STATEMENT: FOR ONB ASSIGNMENT_STATEMENT EXPRESSION SEMICOLON INCDEC_STATEMENT CNB STATEMENT .

    $default  reduce using rule 29 (FOR_STATEMENT)
